OpenROAD v2.0-6913-gda013f4df 
This program is licensed under the BSD-3 license. See the LICENSE file for details.
Components of this program may be licensed under more restrictive licenses which must be honored.
[INFO ORD-0030] Using 2 thread(s).
detailed_route arguments:  -bottom_routing_layer met1 -top_routing_layer met5 -save_guide_updates -verbose 1
[INFO DRT-0149] Reading tech and libs.

Units:                1000
Number of layers:     13
Number of macros:     443
Number of vias:       25
Number of viarulegen: 25

[INFO DRT-0150] Reading design.

Design:                   msvsd4bituc
Die area:                 ( 0 0 ) ( 120000 90000 )
Number of track patterns: 12
Number of DEF vias:       7
Number of components:     342
Number of terminals:      10
Number of snets:          2
Number of nets:           5

[INFO DRT-0167] List of default vias:
  Layer mcon
    default via: L1M1_PR
  Layer via
    default via: M1M2_PR
  Layer via2
    default via: M2M3_PR
  Layer via3
    default via: M3M4_PR
  Layer via4
    default via: M4M5_PR
[INFO DRT-0162] Library cell analysis.
[INFO DRT-0163] Instance analysis.
[INFO DRT-0164] Number of unique instances = 16.
[INFO DRT-0168] Init region query.
[INFO DRT-0024]   Complete FR_MASTERSLICE.
[INFO DRT-0024]   Complete Fr_VIA.
[INFO DRT-0024]   Complete li1.
[INFO DRT-0024]   Complete mcon.
[INFO DRT-0024]   Complete met1.
[INFO DRT-0024]   Complete via.
[INFO DRT-0024]   Complete met2.
[INFO DRT-0024]   Complete via2.
[INFO DRT-0024]   Complete met3.
[INFO DRT-0024]   Complete via3.
[INFO DRT-0024]   Complete met4.
[INFO DRT-0024]   Complete via4.
[INFO DRT-0024]   Complete met5.
[INFO DRT-0033] FR_MASTERSLICE shape region query size = 0.
[INFO DRT-0033] FR_VIA shape region query size = 0.
[INFO DRT-0033] li1 shape region query size = 1057.
[INFO DRT-0033] mcon shape region query size = 3416.
[INFO DRT-0033] met1 shape region query size = 840.
[INFO DRT-0033] via shape region query size = 546.
[INFO DRT-0033] met2 shape region query size = 182.
[INFO DRT-0033] via2 shape region query size = 403.
[INFO DRT-0033] met3 shape region query size = 185.
[INFO DRT-0033] via3 shape region query size = 394.
[INFO DRT-0033] met4 shape region query size = 81.
[INFO DRT-0033] via4 shape region query size = 72.
[INFO DRT-0033] met5 shape region query size = 28.
[INFO DRT-0165] Start pin access.
[WARNING DRT-6000] Macro pin has more than 1 polygon
[WARNING DRT-6000] Macro pin has more than 1 polygon
[WARNING DRT-6000] Macro pin has more than 1 polygon
[WARNING DRT-6000] Macro pin has more than 1 polygon
[WARNING DRT-6000] Macro pin has more than 1 polygon
[WARNING DRT-6000] Macro pin has more than 1 polygon
[WARNING DRT-6000] Macro pin has more than 1 polygon
[WARNING DRT-6000] Macro pin has more than 1 polygon
[WARNING DRT-6000] Macro pin has more than 1 polygon
[WARNING DRT-6000] Macro pin has more than 1 polygon
[WARNING DRT-6000] Macro pin has more than 1 polygon
[WARNING DRT-6000] Macro pin has more than 1 polygon
[WARNING DRT-6000] Macro pin has more than 1 polygon
[WARNING DRT-6000] Macro pin has more than 1 polygon
[WARNING DRT-6000] Macro pin has more than 1 polygon
[WARNING DRT-6000] Macro pin has more than 1 polygon
[WARNING DRT-6000] Macro pin has more than 1 polygon
[WARNING DRT-6000] Macro pin has more than 1 polygon
[WARNING DRT-6000] Macro pin has more than 1 polygon
[WARNING DRT-6000] Macro pin has more than 1 polygon
[WARNING DRT-6000] Macro pin has more than 1 polygon
[WARNING DRT-6000] Macro pin has more than 1 polygon
[WARNING DRT-6000] Macro pin has more than 1 polygon
[WARNING DRT-6000] Macro pin has more than 1 polygon
[WARNING DRT-6000] Macro pin has more than 1 polygon
[WARNING DRT-6000] Macro pin has more than 1 polygon
[WARNING DRT-6000] Macro pin has more than 1 polygon
[WARNING DRT-6000] Macro pin has more than 1 polygon
[WARNING DRT-6000] Macro pin has more than 1 polygon
[WARNING DRT-6000] Macro pin has more than 1 polygon
[WARNING DRT-6000] Macro pin has more than 1 polygon
[WARNING DRT-6000] Macro pin has more than 1 polygon
[WARNING DRT-6000] Macro pin has more than 1 polygon
[WARNING DRT-6000] Macro pin has more than 1 polygon
[WARNING DRT-6000] Macro pin has more than 1 polygon
[WARNING DRT-6000] Macro pin has more than 1 polygon
[WARNING DRT-6000] Macro pin has more than 1 polygon
[WARNING DRT-6000] Macro pin has more than 1 polygon
[WARNING DRT-6000] Macro pin has more than 1 polygon
[WARNING DRT-6000] Macro pin has more than 1 polygon
[WARNING DRT-6000] Macro pin has more than 1 polygon
[WARNING DRT-6000] Macro pin has more than 1 polygon
[WARNING DRT-6000] Macro pin has more than 1 polygon
[WARNING DRT-6000] Macro pin has more than 1 polygon
[WARNING DRT-6000] Macro pin has more than 1 polygon
[WARNING DRT-6000] Macro pin has more than 1 polygon
[WARNING DRT-6000] Macro pin has more than 1 polygon
[WARNING DRT-6000] Macro pin has more than 1 polygon
[WARNING DRT-6000] Macro pin has more than 1 polygon
[WARNING DRT-6000] Macro pin has more than 1 polygon
[WARNING DRT-6000] Macro pin has more than 1 polygon
[WARNING DRT-6000] Macro pin has more than 1 polygon
[WARNING DRT-6000] Macro pin has more than 1 polygon
[WARNING DRT-6000] Macro pin has more than 1 polygon
[WARNING DRT-6000] Macro pin has more than 1 polygon
[WARNING DRT-6000] Macro pin has more than 1 polygon
[WARNING DRT-6000] Macro pin has more than 1 polygon
[WARNING DRT-6000] Macro pin has more than 1 polygon
[WARNING DRT-6000] Macro pin has more than 1 polygon
[WARNING DRT-6000] Macro pin has more than 1 polygon
[WARNING DRT-6000] Macro pin has more than 1 polygon
[WARNING DRT-6000] Macro pin has more than 1 polygon
[WARNING DRT-6000] Macro pin has more than 1 polygon
[WARNING DRT-6000] Macro pin has more than 1 polygon
[WARNING DRT-6000] Macro pin has more than 1 polygon
[WARNING DRT-6000] Macro pin has more than 1 polygon
[WARNING DRT-6000] Macro pin has more than 1 polygon
[WARNING DRT-6000] Macro pin has more than 1 polygon
[WARNING DRT-6000] Macro pin has more than 1 polygon
[WARNING DRT-6000] Macro pin has more than 1 polygon
[WARNING DRT-6000] Macro pin has more than 1 polygon
[WARNING DRT-6000] Macro pin has more than 1 polygon
[WARNING DRT-6000] Macro pin has more than 1 polygon
[WARNING DRT-6000] Macro pin has more than 1 polygon
[WARNING DRT-6000] Macro pin has more than 1 polygon
[WARNING DRT-6000] Macro pin has more than 1 polygon
[WARNING DRT-6000] Macro pin has more than 1 polygon
[WARNING DRT-6000] Macro pin has more than 1 polygon
[WARNING DRT-6000] Macro pin has more than 1 polygon
[WARNING DRT-6000] Macro pin has more than 1 polygon
[WARNING DRT-6000] Macro pin has more than 1 polygon
[WARNING DRT-6000] Macro pin has more than 1 polygon
[WARNING DRT-6000] Macro pin has more than 1 polygon
[WARNING DRT-6000] Macro pin has more than 1 polygon
[WARNING DRT-6000] Macro pin has more than 1 polygon
[WARNING DRT-6000] Macro pin has more than 1 polygon
[WARNING DRT-6000] Macro pin has more than 1 polygon
[WARNING DRT-6000] Macro pin has more than 1 polygon
[WARNING DRT-6000] Macro pin has more than 1 polygon
[WARNING DRT-6000] Macro pin has more than 1 polygon
[WARNING DRT-6000] Macro pin has more than 1 polygon
[WARNING DRT-6000] Macro pin has more than 1 polygon
[WARNING DRT-6000] Macro pin has more than 1 polygon
[WARNING DRT-6000] Macro pin has more than 1 polygon
[WARNING DRT-6000] Macro pin has more than 1 polygon
[WARNING DRT-6000] Macro pin has more than 1 polygon
[WARNING DRT-6000] Macro pin has more than 1 polygon
[WARNING DRT-6000] Macro pin has more than 1 polygon
[WARNING DRT-6000] Macro pin has more than 1 polygon
[WARNING DRT-6000] Macro pin has more than 1 polygon
[WARNING DRT-6000] Macro pin has more than 1 polygon
[WARNING DRT-6000] Macro pin has more than 1 polygon
[WARNING DRT-6000] Macro pin has more than 1 polygon
[WARNING DRT-6000] Macro pin has more than 1 polygon
[WARNING DRT-6000] Macro pin has more than 1 polygon
[WARNING DRT-6000] Macro pin has more than 1 polygon
[WARNING DRT-6000] Macro pin has more than 1 polygon
[WARNING DRT-6000] Macro pin has more than 1 polygon
[WARNING DRT-6000] Macro pin has more than 1 polygon
[WARNING DRT-6000] Macro pin has more than 1 polygon
[WARNING DRT-6000] Macro pin has more than 1 polygon
[WARNING DRT-6000] Macro pin has more than 1 polygon
[WARNING DRT-6000] Macro pin has more than 1 polygon
[WARNING DRT-6000] Macro pin has more than 1 polygon
[WARNING DRT-6000] Macro pin has more than 1 polygon
[WARNING DRT-6000] Macro pin has more than 1 polygon
[WARNING DRT-6000] Macro pin has more than 1 polygon
[WARNING DRT-6000] Macro pin has more than 1 polygon
[WARNING DRT-6000] Macro pin has more than 1 polygon
[WARNING DRT-6000] Macro pin has more than 1 polygon
[WARNING DRT-6000] Macro pin has more than 1 polygon
[WARNING DRT-6000] Macro pin has more than 1 polygon
[WARNING DRT-6000] Macro pin has more than 1 polygon
[WARNING DRT-6000] Macro pin has more than 1 polygon
[WARNING DRT-6000] Macro pin has more than 1 polygon
[WARNING DRT-6000] Macro pin has more than 1 polygon
[WARNING DRT-6000] Macro pin has more than 1 polygon
[WARNING DRT-6000] Macro pin has more than 1 polygon
[WARNING DRT-6000] Macro pin has more than 1 polygon
[WARNING DRT-6000] Macro pin has more than 1 polygon
[WARNING DRT-6000] Macro pin has more than 1 polygon
[WARNING DRT-6000] Macro pin has more than 1 polygon
[WARNING DRT-6000] Macro pin has more than 1 polygon
[WARNING DRT-6000] Macro pin has more than 1 polygon
[WARNING DRT-6000] Macro pin has more than 1 polygon
[WARNING DRT-6000] Macro pin has more than 1 polygon
[WARNING DRT-6000] Macro pin has more than 1 polygon
[WARNING DRT-6000] Macro pin has more than 1 polygon
[WARNING DRT-6000] Macro pin has more than 1 polygon
[WARNING DRT-6000] Macro pin has more than 1 polygon
[WARNING DRT-6000] Macro pin has more than 1 polygon
[WARNING DRT-6000] Macro pin has more than 1 polygon
[WARNING DRT-6000] Macro pin has more than 1 polygon
[WARNING DRT-6000] Macro pin has more than 1 polygon
[WARNING DRT-6000] Macro pin has more than 1 polygon
[WARNING DRT-6000] Macro pin has more than 1 polygon
[WARNING DRT-6000] Macro pin has more than 1 polygon
[WARNING DRT-6000] Macro pin has more than 1 polygon
[WARNING DRT-6000] Macro pin has more than 1 polygon
[WARNING DRT-6000] Macro pin has more than 1 polygon
[WARNING DRT-6000] Macro pin has more than 1 polygon
[WARNING DRT-6000] Macro pin has more than 1 polygon
[WARNING DRT-6000] Macro pin has more than 1 polygon
[WARNING DRT-6000] Macro pin has more than 1 polygon
[WARNING DRT-6000] Macro pin has more than 1 polygon
[WARNING DRT-6000] Macro pin has more than 1 polygon
[WARNING DRT-6000] Macro pin has more than 1 polygon
[WARNING DRT-6000] Macro pin has more than 1 polygon
[WARNING DRT-6000] Macro pin has more than 1 polygon
[WARNING DRT-6000] Macro pin has more than 1 polygon
[WARNING DRT-6000] Macro pin has more than 1 polygon
[WARNING DRT-6000] Macro pin has more than 1 polygon
[WARNING DRT-6000] Macro pin has more than 1 polygon
[WARNING DRT-6000] Macro pin has more than 1 polygon
[WARNING DRT-6000] Macro pin has more than 1 polygon
[WARNING DRT-6000] Macro pin has more than 1 polygon
[WARNING DRT-6000] Macro pin has more than 1 polygon
[WARNING DRT-6000] Macro pin has more than 1 polygon
[WARNING DRT-6000] Macro pin has more than 1 polygon
[WARNING DRT-6000] Macro pin has more than 1 polygon
[WARNING DRT-6000] Macro pin has more than 1 polygon
[WARNING DRT-6000] Macro pin has more than 1 polygon
[WARNING DRT-6000] Macro pin has more than 1 polygon
[WARNING DRT-6000] Macro pin has more than 1 polygon
[WARNING DRT-6000] Macro pin has more than 1 polygon
[WARNING DRT-6000] Macro pin has more than 1 polygon
[WARNING DRT-6000] Macro pin has more than 1 polygon
[WARNING DRT-6000] Macro pin has more than 1 polygon
[WARNING DRT-6000] Macro pin has more than 1 polygon
[WARNING DRT-6000] Macro pin has more than 1 polygon
[WARNING DRT-6000] Macro pin has more than 1 polygon
[WARNING DRT-6000] Macro pin has more than 1 polygon
[WARNING DRT-6000] Macro pin has more than 1 polygon
[WARNING DRT-6000] Macro pin has more than 1 polygon
[WARNING DRT-6000] Macro pin has more than 1 polygon
[WARNING DRT-6000] Macro pin has more than 1 polygon
[WARNING DRT-6000] Macro pin has more than 1 polygon
[WARNING DRT-6000] Macro pin has more than 1 polygon
[WARNING DRT-6000] Macro pin has more than 1 polygon
[WARNING DRT-6000] Macro pin has more than 1 polygon
[WARNING DRT-6000] Macro pin has more than 1 polygon
[WARNING DRT-6000] Macro pin has more than 1 polygon
[WARNING DRT-6000] Macro pin has more than 1 polygon
[WARNING DRT-6000] Macro pin has more than 1 polygon
[WARNING DRT-6000] Macro pin has more than 1 polygon
[WARNING DRT-6000] Macro pin has more than 1 polygon
[WARNING DRT-6000] Macro pin has more than 1 polygon
[WARNING DRT-6000] Macro pin has more than 1 polygon
[WARNING DRT-6000] Macro pin has more than 1 polygon
[WARNING DRT-6000] Macro pin has more than 1 polygon
[WARNING DRT-6000] Macro pin has more than 1 polygon
[WARNING DRT-6000] Macro pin has more than 1 polygon
[WARNING DRT-6000] Macro pin has more than 1 polygon
[WARNING DRT-6000] Macro pin has more than 1 polygon
[WARNING DRT-6000] Macro pin has more than 1 polygon
[WARNING DRT-6000] Macro pin has more than 1 polygon
[WARNING DRT-6000] Macro pin has more than 1 polygon
[WARNING DRT-6000] Macro pin has more than 1 polygon
[WARNING DRT-6000] Macro pin has more than 1 polygon
[WARNING DRT-6000] Macro pin has more than 1 polygon
[WARNING DRT-6000] Macro pin has more than 1 polygon
[WARNING DRT-6000] Macro pin has more than 1 polygon
[WARNING DRT-6000] Macro pin has more than 1 polygon
[WARNING DRT-6000] Macro pin has more than 1 polygon
[WARNING DRT-6000] Macro pin has more than 1 polygon
[WARNING DRT-6000] Macro pin has more than 1 polygon
[WARNING DRT-6000] Macro pin has more than 1 polygon
[WARNING DRT-6000] Macro pin has more than 1 polygon
[WARNING DRT-6000] Macro pin has more than 1 polygon
[WARNING DRT-6000] Macro pin has more than 1 polygon
[WARNING DRT-6000] Macro pin has more than 1 polygon
[WARNING DRT-6000] Macro pin has more than 1 polygon
[WARNING DRT-6000] Macro pin has more than 1 polygon
[WARNING DRT-6000] Macro pin has more than 1 polygon
[WARNING DRT-6000] Macro pin has more than 1 polygon
[WARNING DRT-6000] Macro pin has more than 1 polygon
[WARNING DRT-6000] Macro pin has more than 1 polygon
[WARNING DRT-6000] Macro pin has more than 1 polygon
[WARNING DRT-6000] Macro pin has more than 1 polygon
[WARNING DRT-6000] Macro pin has more than 1 polygon
[WARNING DRT-6000] Macro pin has more than 1 polygon
[WARNING DRT-6000] Macro pin has more than 1 polygon
[WARNING DRT-6000] Macro pin has more than 1 polygon
[WARNING DRT-6000] Macro pin has more than 1 polygon
[WARNING DRT-6000] Macro pin has more than 1 polygon
[WARNING DRT-6000] Macro pin has more than 1 polygon
[WARNING DRT-6000] Macro pin has more than 1 polygon
[WARNING DRT-6000] Macro pin has more than 1 polygon
[WARNING DRT-6000] Macro pin has more than 1 polygon
[WARNING DRT-6000] Macro pin has more than 1 polygon
[WARNING DRT-6000] Macro pin has more than 1 polygon
[WARNING DRT-6000] Macro pin has more than 1 polygon
[WARNING DRT-6000] Macro pin has more than 1 polygon
[WARNING DRT-6000] Macro pin has more than 1 polygon
[WARNING DRT-6000] Macro pin has more than 1 polygon
[WARNING DRT-6000] Macro pin has more than 1 polygon
[WARNING DRT-6000] Macro pin has more than 1 polygon
[WARNING DRT-6000] Macro pin has more than 1 polygon
[WARNING DRT-6000] Macro pin has more than 1 polygon
[WARNING DRT-6000] Macro pin has more than 1 polygon
[WARNING DRT-6000] Macro pin has more than 1 polygon
[WARNING DRT-6000] Macro pin has more than 1 polygon
[WARNING DRT-6000] Macro pin has more than 1 polygon
[WARNING DRT-6000] Macro pin has more than 1 polygon
[WARNING DRT-6000] Macro pin has more than 1 polygon
[WARNING DRT-6000] Macro pin has more than 1 polygon
[WARNING DRT-6000] Macro pin has more than 1 polygon
[WARNING DRT-6000] Macro pin has more than 1 polygon
[WARNING DRT-6000] Macro pin has more than 1 polygon
[WARNING DRT-6000] Macro pin has more than 1 polygon
[WARNING DRT-6000] Macro pin has more than 1 polygon
[WARNING DRT-6000] Macro pin has more than 1 polygon
[WARNING DRT-6000] Macro pin has more than 1 polygon
[WARNING DRT-6000] Macro pin has more than 1 polygon
[WARNING DRT-6000] Macro pin has more than 1 polygon
[WARNING DRT-6000] Macro pin has more than 1 polygon
[WARNING DRT-6000] Macro pin has more than 1 polygon
[WARNING DRT-6000] Macro pin has more than 1 polygon
[WARNING DRT-6000] Macro pin has more than 1 polygon
[WARNING DRT-6000] Macro pin has more than 1 polygon
[WARNING DRT-6000] Macro pin has more than 1 polygon
[WARNING DRT-6000] Macro pin has more than 1 polygon
[WARNING DRT-6000] Macro pin has more than 1 polygon
[WARNING DRT-6000] Macro pin has more than 1 polygon
[WARNING DRT-6000] Macro pin has more than 1 polygon
[WARNING DRT-6000] Macro pin has more than 1 polygon
[WARNING DRT-6000] Macro pin has more than 1 polygon
[WARNING DRT-6000] Macro pin has more than 1 polygon
[WARNING DRT-6000] Macro pin has more than 1 polygon
[WARNING DRT-6000] Macro pin has more than 1 polygon
[WARNING DRT-6000] Macro pin has more than 1 polygon
[WARNING DRT-6000] Macro pin has more than 1 polygon
[WARNING DRT-6000] Macro pin has more than 1 polygon
[WARNING DRT-6000] Macro pin has more than 1 polygon
[WARNING DRT-6000] Macro pin has more than 1 polygon
[WARNING DRT-6000] Macro pin has more than 1 polygon
[WARNING DRT-6000] Macro pin has more than 1 polygon
[WARNING DRT-6000] Macro pin has more than 1 polygon
[WARNING DRT-6000] Macro pin has more than 1 polygon
[WARNING DRT-6000] Macro pin has more than 1 polygon
[WARNING DRT-6000] Macro pin has more than 1 polygon
[WARNING DRT-6000] Macro pin has more than 1 polygon
[WARNING DRT-6000] Macro pin has more than 1 polygon
[WARNING DRT-6000] Macro pin has more than 1 polygon
[WARNING DRT-6000] Macro pin has more than 1 polygon
[WARNING DRT-6000] Macro pin has more than 1 polygon
[WARNING DRT-6000] Macro pin has more than 1 polygon
[WARNING DRT-6000] Macro pin has more than 1 polygon
[WARNING DRT-6000] Macro pin has more than 1 polygon
[WARNING DRT-6000] Macro pin has more than 1 polygon
[WARNING DRT-6000] Macro pin has more than 1 polygon
[WARNING DRT-6000] Macro pin has more than 1 polygon
[WARNING DRT-6000] Macro pin has more than 1 polygon
[WARNING DRT-6000] Macro pin has more than 1 polygon
[WARNING DRT-6000] Macro pin has more than 1 polygon
[WARNING DRT-6000] Macro pin has more than 1 polygon
[WARNING DRT-6000] Macro pin has more than 1 polygon
[WARNING DRT-6000] Macro pin has more than 1 polygon
[WARNING DRT-6000] Macro pin has more than 1 polygon
[WARNING DRT-6000] Macro pin has more than 1 polygon
[WARNING DRT-6000] Macro pin has more than 1 polygon
[WARNING DRT-6000] Macro pin has more than 1 polygon
[WARNING DRT-6000] Macro pin has more than 1 polygon
[WARNING DRT-6000] Macro pin has more than 1 polygon
[WARNING DRT-6000] Macro pin has more than 1 polygon
[WARNING DRT-6000] Macro pin has more than 1 polygon
[WARNING DRT-6000] Macro pin has more than 1 polygon
[WARNING DRT-6000] Macro pin has more than 1 polygon
[WARNING DRT-6000] Macro pin has more than 1 polygon
[WARNING DRT-6000] Macro pin has more than 1 polygon
[WARNING DRT-6000] Macro pin has more than 1 polygon
[WARNING DRT-6000] Macro pin has more than 1 polygon
[WARNING DRT-6000] Macro pin has more than 1 polygon
[WARNING DRT-6000] Macro pin has more than 1 polygon
[INFO DRT-0078]   Complete 4 pins.
[INFO DRT-0081]   Complete 4 unique inst patterns.
[INFO DRT-0084]   Complete 0 groups.
#scanned instances     = 342
#unique  instances     = 16
#stdCellGenAp          = 0
#stdCellValidPlanarAp  = 0
#stdCellValidViaAp     = 0
#stdCellPinNoAp        = 0
#stdCellPinCnt         = 0
#instTermValidViaApCnt = 0
#macroGenAp            = 94
#macroValidPlanarAp    = 65
#macroValidViaAp       = 60
#macroNoAp             = 0
[INFO DRT-0166] Complete pin access.
[INFO DRT-0267] cpu time = 00:00:00, elapsed time = 00:00:00, memory = 104.69 (MB), peak = 104.69 (MB)

Number of guides:     56

[INFO DRT-0169] Post process guides.
[INFO DRT-0176] GCELLGRID X 0 DO 17 STEP 6900 ;
[INFO DRT-0177] GCELLGRID Y 0 DO 13 STEP 6900 ;
[INFO DRT-0028]   Complete FR_MASTERSLICE.
[INFO DRT-0028]   Complete Fr_VIA.
[INFO DRT-0028]   Complete li1.
[INFO DRT-0028]   Complete mcon.
[INFO DRT-0028]   Complete met1.
[INFO DRT-0028]   Complete via.
[INFO DRT-0028]   Complete met2.
[INFO DRT-0028]   Complete via2.
[INFO DRT-0028]   Complete met3.
[INFO DRT-0028]   Complete via3.
[INFO DRT-0028]   Complete met4.
[INFO DRT-0028]   Complete via4.
[INFO DRT-0028]   Complete met5.
[INFO DRT-0178] Init guide query.
[INFO DRT-0035]   Complete FR_MASTERSLICE (guide).
[INFO DRT-0035]   Complete Fr_VIA (guide).
[INFO DRT-0035]   Complete li1 (guide).
[INFO DRT-0035]   Complete mcon (guide).
[INFO DRT-0035]   Complete met1 (guide).
[INFO DRT-0035]   Complete via (guide).
[INFO DRT-0035]   Complete met2 (guide).
[INFO DRT-0035]   Complete via2 (guide).
[INFO DRT-0035]   Complete met3 (guide).
[INFO DRT-0035]   Complete via3 (guide).
[INFO DRT-0035]   Complete met4 (guide).
[INFO DRT-0035]   Complete via4 (guide).
[INFO DRT-0035]   Complete met5 (guide).
[INFO DRT-0036] FR_MASTERSLICE guide region query size = 0.
[INFO DRT-0036] FR_VIA guide region query size = 0.
[INFO DRT-0036] li1 guide region query size = 1.
[INFO DRT-0036] mcon guide region query size = 0.
[INFO DRT-0036] met1 guide region query size = 5.
[INFO DRT-0036] via guide region query size = 0.
[INFO DRT-0036] met2 guide region query size = 5.
[INFO DRT-0036] via2 guide region query size = 0.
[INFO DRT-0036] met3 guide region query size = 4.
[INFO DRT-0036] via3 guide region query size = 0.
[INFO DRT-0036] met4 guide region query size = 8.
[INFO DRT-0036] via4 guide region query size = 0.
[INFO DRT-0036] met5 guide region query size = 4.
[INFO DRT-0179] Init gr pin query.
[INFO DRT-0185] Post process initialize RPin region query.
[INFO DRT-0181] Start track assignment.
[INFO DRT-0184] Done with 14 vertical wires in 1 frboxes and 13 horizontal wires in 1 frboxes.
[INFO DRT-0186] Done with 2 vertical wires in 1 frboxes and 4 horizontal wires in 1 frboxes.
[INFO DRT-0182] Complete track assignment.
[INFO DRT-0267] cpu time = 00:00:00, elapsed time = 00:00:00, memory = 105.91 (MB), peak = 105.91 (MB)
[INFO DRT-0187] Start routing data preparation.
[INFO DRT-0267] cpu time = 00:00:00, elapsed time = 00:00:00, memory = 105.91 (MB), peak = 105.91 (MB)
[INFO DRT-0194] Start detail routing.
[INFO DRT-0195] Start 0th optimization iteration.
    Completing 10% with 0 violations.
    elapsed time = 00:00:00, memory = 114.05 (MB).
    Completing 20% with 0 violations.
    elapsed time = 00:00:00, memory = 113.27 (MB).
    Completing 30% with 0 violations.
    elapsed time = 00:00:00, memory = 115.65 (MB).
    Completing 40% with 0 violations.
    elapsed time = 00:00:00, memory = 115.65 (MB).
    Completing 50% with 0 violations.
    elapsed time = 00:00:00, memory = 117.11 (MB).
    Completing 60% with 0 violations.
    elapsed time = 00:00:00, memory = 119.43 (MB).
[INFO DRT-0199]   Number of violations = 6.
Viol/Layer        met1   met2
Recheck              5      1
[INFO DRT-0267] cpu time = 00:00:00, elapsed time = 00:00:00, memory = 433.42 (MB), peak = 475.27 (MB)
Total wire length = 388 um.
Total wire length on LAYER li1 = 0 um.
Total wire length on LAYER met1 = 211 um.
Total wire length on LAYER met2 = 101 um.
Total wire length on LAYER met3 = 68 um.
Total wire length on LAYER met4 = 7 um.
Total wire length on LAYER met5 = 0 um.
Total number of vias = 23.
Up-via summary (total 23):.

---------------------
 FR_MASTERSLICE     0
            li1     1
           met1    10
           met2     0
           met3     6
           met4     6
---------------------
                   23


[INFO DRT-0195] Start 1st optimization iteration.
    Completing 10% with 6 violations.
    elapsed time = 00:00:00, memory = 434.45 (MB).
    Completing 20% with 6 violations.
    elapsed time = 00:00:00, memory = 434.45 (MB).
    Completing 30% with 6 violations.
    elapsed time = 00:00:00, memory = 434.45 (MB).
    Completing 40% with 6 violations.
    elapsed time = 00:00:00, memory = 434.45 (MB).
    Completing 50% with 0 violations.
    elapsed time = 00:00:00, memory = 434.96 (MB).
    Completing 60% with 0 violations.
    elapsed time = 00:00:00, memory = 434.96 (MB).
    Completing 70% with 0 violations.
    elapsed time = 00:00:00, memory = 434.96 (MB).
    Completing 80% with 0 violations.
    elapsed time = 00:00:00, memory = 434.96 (MB).
    Completing 90% with 0 violations.
    elapsed time = 00:00:00, memory = 434.96 (MB).
    Completing 100% with 0 violations.
    elapsed time = 00:00:00, memory = 434.96 (MB).
[INFO DRT-0199]   Number of violations = 0.
[INFO DRT-0267] cpu time = 00:00:01, elapsed time = 00:00:01, memory = 476.78 (MB), peak = 476.78 (MB)
Total wire length = 384 um.
Total wire length on LAYER li1 = 0 um.
Total wire length on LAYER met1 = 212 um.
Total wire length on LAYER met2 = 104 um.
Total wire length on LAYER met3 = 60 um.
Total wire length on LAYER met4 = 7 um.
Total wire length on LAYER met5 = 0 um.
Total number of vias = 20.
Up-via summary (total 20):.

---------------------
 FR_MASTERSLICE     0
            li1     0
           met1    10
           met2     0
           met3     4
           met4     6
---------------------
                   20


[INFO DRT-0198] Complete detail routing.
Total wire length = 384 um.
Total wire length on LAYER li1 = 0 um.
Total wire length on LAYER met1 = 212 um.
Total wire length on LAYER met2 = 104 um.
Total wire length on LAYER met3 = 60 um.
Total wire length on LAYER met4 = 7 um.
Total wire length on LAYER met5 = 0 um.
Total number of vias = 20.
Up-via summary (total 20):.

---------------------
 FR_MASTERSLICE     0
            li1     0
           met1    10
           met2     0
           met3     4
           met4     6
---------------------
                   20


[INFO DRT-0267] cpu time = 00:00:01, elapsed time = 00:00:01, memory = 476.78 (MB), peak = 476.78 (MB)

[INFO DRT-0180] Post processing.
Elapsed time: 0:03.04[h:]min:sec. CPU time: user 2.19 sys 0.67 (94%). Peak memory: 488720KB.
