OpenROAD v2.0-6913-gda013f4df 
This program is licensed under the BSD-3 license. See the LICENSE file for details.
Components of this program may be licensed under more restrictive licenses which must be honored.
[INFO GPL-0002] DBU: 1000
[INFO GPL-0003] SiteSize: 460 2720
[INFO GPL-0004] CoreAreaLxLy: 15180 16320
[INFO GPL-0005] CoreAreaUxUy: 439760 437920
[INFO GPL-0006] NumInstances: 2
[INFO GPL-0007] NumPlaceInstances: 2
[INFO GPL-0008] NumFixedInstances: 0
[INFO GPL-0009] NumDummyInstances: 0
[INFO GPL-0010] NumNets: 5
[INFO GPL-0011] NumPins: 8
[INFO GPL-0012] DieAreaLxLy: 0 0
[INFO GPL-0013] DieAreaUxUy: 455000 455000
[INFO GPL-0014] CoreAreaLxLy: 15180 16320
[INFO GPL-0015] CoreAreaUxUy: 439760 437920
[INFO GPL-0016] CoreArea: 179002928000
[INFO GPL-0017] NonPlaceInstsArea: 0
[INFO GPL-0018] PlaceInstsArea: 362950400
[INFO GPL-0019] Util(%): 0.20
[INFO GPL-0020] StdInstsArea: 180915200
[INFO GPL-0021] MacroInstsArea: 182035200
[InitialPlace]  Iter: 1 CG residual: 0.00000000 HPWL: 596290
[InitialPlace]  Iter: 2 CG residual: 0.00000000 HPWL: 595210
[InitialPlace]  Iter: 3 CG residual: 0.00000000 HPWL: 595210
[InitialPlace]  Iter: 4 CG residual: 0.00000000 HPWL: 595210
[InitialPlace]  Iter: 5 CG residual: 0.00000000 HPWL: 595210
[INFO GPL-0031] FillerInit: NumGCells: 1154
[INFO GPL-0032] FillerInit: NumGNets: 5
[INFO GPL-0033] FillerInit: NumGPins: 8
[INFO GPL-0023] TargetDensity: 0.60
[INFO GPL-0024] AveragePlaceInstArea: 181475200
[INFO GPL-0025] IdealBinArea: 302458656
[INFO GPL-0026] IdealBinCnt: 591
[INFO GPL-0027] TotalBinArea: 179002928000
[INFO GPL-0028] BinCnt: 16 16
[INFO GPL-0029] BinSize: 26537 26350
[INFO GPL-0030] NumBins: 256
[NesterovSolve] Iter: 1 overflow: 0 HPWL: 521597
[NesterovSolve] Finished with Overflow: 0.000000
Elapsed time: 0:00.45[h:]min:sec. CPU time: user 0.28 sys 0.13 (93%). Peak memory: 98216KB.
