OpenROAD v2.0-6913-gda013f4df 
This program is licensed under the BSD-3 license. See the LICENSE file for details.
Components of this program may be licensed under more restrictive licenses which must be honored.
[INFO GPL-0002] DBU: 1000
[INFO GPL-0003] SiteSize: 460 2720
[INFO GPL-0004] CoreAreaLxLy: 15180 16320
[INFO GPL-0005] CoreAreaUxUy: 439760 437920
[INFO GPL-0006] NumInstances: 3099
[INFO GPL-0007] NumPlaceInstances: 0
[INFO GPL-0008] NumFixedInstances: 2754
[INFO GPL-0009] NumDummyInstances: 345
[INFO GPL-0010] NumNets: 3
[INFO GPL-0011] NumPins: 6
[INFO GPL-0012] DieAreaLxLy: 0 0
[INFO GPL-0013] DieAreaUxUy: 455000 455000
[INFO GPL-0014] CoreAreaLxLy: 15180 16320
[INFO GPL-0015] CoreAreaUxUy: 439760 437920
[INFO GPL-0016] CoreArea: 179002928000
[INFO GPL-0017] NonPlaceInstsArea: 22190032000
[INFO GPL-0018] PlaceInstsArea: 0
[INFO GPL-0019] Util(%): 0.00
[INFO GPL-0020] StdInstsArea: 0
[INFO GPL-0021] MacroInstsArea: 0
[InitialPlace]  Iter: 1 CG residual: 0.00000012 HPWL: 1151960
[InitialPlace]  Iter: 2 CG residual: 0.00000012 HPWL: 1151960
[InitialPlace]  Iter: 3 CG residual: 0.00000012 HPWL: 1151960
[InitialPlace]  Iter: 4 CG residual: 0.00000012 HPWL: 1151960
[InitialPlace]  Iter: 5 CG residual: 0.00000012 HPWL: 1151960
[WARNING GPL-0136] No placeable instances - skipping placement.

==========================================================================
global place check_setup
--------------------------------------------------------------------------
Warning: There are 3 input ports missing set_input_delay.
Warning: There is 1 output port missing set_output_delay.
Warning: There is 1 unconstrained endpoint.

==========================================================================
global place report_tns
--------------------------------------------------------------------------
tns 0.00

==========================================================================
global place report_wns
--------------------------------------------------------------------------
wns 0.00

==========================================================================
global place report_worst_slack
--------------------------------------------------------------------------
worst slack INF

==========================================================================
global place report_checks -path_delay min
--------------------------------------------------------------------------
No paths found.

==========================================================================
global place report_checks -path_delay max
--------------------------------------------------------------------------
No paths found.

==========================================================================
global place report_checks -unconstrained
--------------------------------------------------------------------------
Startpoint: INN (input port)
Endpoint: ADC_1BIT/INN (internal pin)
Path Group: (none)
Path Type: max

Fanout     Cap    Slew   Delay    Time   Description
-----------------------------------------------------------------------------
                          0.00    0.00 ^ input external delay
                  0.00    0.00    0.00 ^ INN (in)
     1    0.09                           INN (net)
                  0.04    0.02    0.02 ^ ADC_1BIT/INN (ADC_1BIT)
                                  0.02   data arrival time
-----------------------------------------------------------------------------
(Path is unconstrained)



==========================================================================
global place report_power
--------------------------------------------------------------------------
Group                  Internal  Switching    Leakage      Total
                          Power      Power      Power      Power (Watts)
----------------------------------------------------------------
Sequential             0.00e+00   0.00e+00   0.00e+00   0.00e+00   0.0%
Combinational          0.00e+00   0.00e+00   1.14e-09   1.14e-09 100.0%
Macro                  0.00e+00   0.00e+00   0.00e+00   0.00e+00   0.0%
Pad                    0.00e+00   0.00e+00   0.00e+00   0.00e+00   0.0%
----------------------------------------------------------------
Total                  0.00e+00   0.00e+00   1.14e-09   1.14e-09 100.0%
                           0.0%       0.0%     100.0%

==========================================================================
global place report_design_area
--------------------------------------------------------------------------
Design area 5086 u^2 3% utilization.

Elapsed time: 0:00.58[h:]min:sec. CPU time: user 0.46 sys 0.07 (93%). Peak memory: 103184KB.
