OpenROAD v2.0-6913-gda013f4df 
This program is licensed under the BSD-3 license. See the LICENSE file for details.
Components of this program may be licensed under more restrictive licenses which must be honored.
[INFO] Deleted 0 routing obstructions
[INFO RCX-0431] Defined process_corner X with ext_model_index 0
[INFO RCX-0029] Defined extraction corner X
[INFO RCX-0008] extracting parasitics of msvsd4bituc ...
[INFO RCX-0435] Reading extraction model file /home/syedimaduddin/Desktop/msvd4bituc/openfasoc/openfasoc/generators/msvsd4bituc/flow/../../../common/platforms/sky130hd/rcx_patterns.rules ...
[INFO RCX-0436] RC segment generation msvsd4bituc (max_merge_res 50.0) ...
[INFO RCX-0040] Final 8 rc segments
[INFO RCX-0439] Coupling Cap extraction msvsd4bituc ...
[INFO RCX-0440] Coupling threshhold is 0.1000 fF, coupling capacitance less than 0.1000 fF will be grounded.
[INFO RCX-0043] 5065 wires to be extracted
[INFO RCX-0442] 99% completion -- 5027 wires have been extracted
[INFO RCX-0045] Extract 3 nets, 11 rsegs, 11 caps, 1 ccs
[INFO RCX-0015] Finished extracting msvsd4bituc.
[INFO RCX-0016] Writing SPEF ...
[INFO RCX-0443] 3 nets finished
[INFO RCX-0017] Finished writing SPEF ...
[WARNING PSM-0016] Voltage pad location (VSRC) file not specified, defaulting pad location to checkerboard pattern on core area.
[WARNING PSM-0017] X direction bump pitch is not specified, defaulting to 140um.
[WARNING PSM-0018] Y direction bump pitch is not specified, defaulting to 140um.
[WARNING PSM-0065] VSRC location not specified, using default checkerboard pattern with one VDD every size bumps in x-direction and one in two bumps in the y-direction
[INFO PSM-0076] Setting metal node density to be standard cell height times 5.
[WARNING PSM-0030] VSRC location at (87.470um, 87.120um) and size 10.000um, is not located on an existing power stripe node. Moving to closest node at (96.600um, 97.920um).
[WARNING PSM-0030] VSRC location at (367.470um, 227.120um) and size 10.000um, is not located on an existing power stripe node. Moving to closest node at (368.000um, 233.920um).
[INFO PSM-0031] Number of PDN nodes on net VDD = 11220.
[INFO PSM-0064] Number of voltage sources = 2.
[INFO PSM-0040] All PDN stripes on net VDD are connected.
########## IR report #################
Worstcase voltage: 1.80e+00 V
Average IR drop  : 1.93e-10 V
Worstcase IR drop: 4.09e-10 V
######################################
[WARNING PSM-0016] Voltage pad location (VSRC) file not specified, defaulting pad location to checkerboard pattern on core area.
[WARNING PSM-0017] X direction bump pitch is not specified, defaulting to 140um.
[WARNING PSM-0018] Y direction bump pitch is not specified, defaulting to 140um.
[WARNING PSM-0065] VSRC location not specified, using default checkerboard pattern with one VDD every size bumps in x-direction and one in two bumps in the y-direction
[INFO PSM-0076] Setting metal node density to be standard cell height times 5.
[WARNING PSM-0030] VSRC location at (367.470um, 227.120um) and size 10.000um, is not located on an existing power stripe node. Moving to closest node at (354.430um, 220.320um).
[INFO PSM-0031] Number of PDN nodes on net VSS = 11897.
[INFO PSM-0064] Number of voltage sources = 2.
[INFO PSM-0040] All PDN stripes on net VSS are connected.
########## IR report #################
Worstcase voltage: 3.45e-10 V
Average IR drop  : 1.94e-10 V
Worstcase IR drop: 3.45e-10 V
######################################

==========================================================================
finish check_setup
--------------------------------------------------------------------------
Warning: There are 3 input ports missing set_input_delay.
Warning: There is 1 output port missing set_output_delay.
Warning: There is 1 unconstrained endpoint.

==========================================================================
finish report_tns
--------------------------------------------------------------------------
tns 0.00

==========================================================================
finish report_wns
--------------------------------------------------------------------------
wns 0.00

==========================================================================
finish report_worst_slack
--------------------------------------------------------------------------
worst slack INF

==========================================================================
finish report_clock_skew
--------------------------------------------------------------------------

==========================================================================
finish report_checks -path_delay min
--------------------------------------------------------------------------
No paths found.

==========================================================================
finish report_checks -path_delay max
--------------------------------------------------------------------------
No paths found.

==========================================================================
finish report_checks -unconstrained
--------------------------------------------------------------------------
Startpoint: INN (input port)
Endpoint: ADC_1BIT/INN (internal pin)
Path Group: (none)
Path Type: max

Fanout     Cap    Slew   Delay    Time   Description
-----------------------------------------------------------------------------
                          0.00    0.00 ^ input external delay
                  0.00    0.00    0.00 ^ INN (in)
     1    0.08                           INN (net)
                  0.06    0.03    0.03 ^ ADC_1BIT/INN (ADC_1BIT)
                                  0.03   data arrival time
-----------------------------------------------------------------------------
(Path is unconstrained)



==========================================================================
finish report_check_types -max_slew -max_cap -max_fanout -violators
--------------------------------------------------------------------------

==========================================================================
finish max_slew_check_slack
--------------------------------------------------------------------------
Inf

==========================================================================
finish max_slew_check_limit
--------------------------------------------------------------------------
Inf

==========================================================================
finish max_fanout_check_slack
--------------------------------------------------------------------------
1.0000000150474662e+30

==========================================================================
finish max_fanout_check_limit
--------------------------------------------------------------------------
1.0000000150474662e+30

==========================================================================
finish max_capacitance_check_slack
--------------------------------------------------------------------------
Inf

==========================================================================
finish max_capacitance_check_limit
--------------------------------------------------------------------------
Inf

==========================================================================
finish max_slew_violation_count
--------------------------------------------------------------------------
max slew violation count 0

==========================================================================
finish max_fanout_violation_count
--------------------------------------------------------------------------
max fanout violation count 0

==========================================================================
finish max_cap_violation_count
--------------------------------------------------------------------------
max cap violation count 0

==========================================================================
finish setup_violation_count
--------------------------------------------------------------------------
setup violation count 0

==========================================================================
finish hold_violation_count
--------------------------------------------------------------------------
hold violation count 0

==========================================================================
finish critical path delay
--------------------------------------------------------------------------
-1

==========================================================================
finish critical path slack
--------------------------------------------------------------------------
0

==========================================================================
finish slack div critical path delay
--------------------------------------------------------------------------
0.000000

==========================================================================
finish report_power
--------------------------------------------------------------------------
Group                  Internal  Switching    Leakage      Total
                          Power      Power      Power      Power (Watts)
----------------------------------------------------------------
Sequential             0.00e+00   0.00e+00   0.00e+00   0.00e+00   0.0%
Combinational          0.00e+00   0.00e+00   1.14e-09   1.14e-09 100.0%
Macro                  0.00e+00   0.00e+00   0.00e+00   0.00e+00   0.0%
Pad                    0.00e+00   0.00e+00   0.00e+00   0.00e+00   0.0%
----------------------------------------------------------------
Total                  0.00e+00   0.00e+00   1.14e-09   1.14e-09 100.0%
                           0.0%       0.0%     100.0%

==========================================================================
finish report_design_area
--------------------------------------------------------------------------
Design area 5086 u^2 3% utilization.

[WARNING STA-0323] clock '*' not found.
Elapsed time: 0:03.92[h:]min:sec. CPU time: user 3.38 sys 0.35 (95%). Peak memory: 310536KB.
